gpasm-0.13.7 beta               bla.asm     11-28-2009  12:19:54         PAGE  1


LOC  OBJECT CODE     LINE SOURCE TEXT
  VALUE
 
               00001 ;--------------------------------------------------------
               00002 ; File Created by SDCC : free open source ANSI-C Compiler
               00003 ; Version 2.8.4 #5253 (Oct 31 2008) (UNIX)
               00004 ; This file was generated Sat Nov 28 12:19:54 2009
               00005 ;--------------------------------------------------------
               00006 ; PIC port for the 14-bit core
               00007 ;--------------------------------------------------------
               00008         .file   "bla.c"
               00009         list    p=16f874a
               00010         radix dec
               00011         include "p16f874a.inc"
               00001         LIST
               00002 ; P16F874A.INC  Standard Header File, Version 1.00    Microchip Technology, Inc.
               00400         LIST
               00012 ;--------------------------------------------------------
               00013 ; external declarations
               00014 ;--------------------------------------------------------
               00015         extern  __print_format
               00016         extern  _printf_small
               00017         extern  _printf
               00018         extern  _vprintf
               00019         extern  _sprintf
               00020         extern  _vsprintf
               00021         extern  _puts
               00022         extern  _gets
               00023         extern  _getchar
               00024         extern  _putchar
               00025         extern  __sdcc_gsinit_startup
               00026 ;--------------------------------------------------------
               00027 ; global declarations
               00028 ;--------------------------------------------------------
               00029         global  _main
               00030 
               00031         global PSAVE
               00032         global SSAVE
               00033         global WSAVE
               00034         global STK12
               00035         global STK11
               00036         global STK10
               00037         global STK09
               00038         global STK08
               00039         global STK07
               00040         global STK06
               00041         global STK05
               00042         global STK04
               00043         global STK03
               00044         global STK02
               00045         global STK01
               00046         global STK00
               00047 
               00048 sharebank udata_ovr 0x0020
               00049 PSAVE   res 1
               00050 SSAVE   res 1
               00051 WSAVE   res 1
gpasm-0.13.7 beta               bla.asm     11-28-2009  12:19:54         PAGE  2


LOC  OBJECT CODE     LINE SOURCE TEXT
  VALUE
 
               00052 STK12   res 1
               00053 STK11   res 1
               00054 STK10   res 1
               00055 STK09   res 1
               00056 STK08   res 1
               00057 STK07   res 1
               00058 STK06   res 1
               00059 STK05   res 1
               00060 STK04   res 1
               00061 STK03   res 1
               00062 STK02   res 1
               00063 STK01   res 1
               00064 STK00   res 1
               00065 
               00066 ;--------------------------------------------------------
               00067 ; global definitions
               00068 ;--------------------------------------------------------
               00069 ;--------------------------------------------------------
               00070 ; absolute symbol definitions
               00071 ;--------------------------------------------------------
               00072 ;--------------------------------------------------------
               00073 ; compiler-defined variables
               00074 ;--------------------------------------------------------
               00075 UDL_bla_0       udata
               00076 r0x1000 res     1
               00077 r0x1001 res     1
               00078 ;--------------------------------------------------------
               00079 ; initialized data
               00080 ;--------------------------------------------------------
               00081 
               00082 ID_bla_0        code
0000 00083 __str_0
0000 3409      00084         retlw 0x09 ; '.'
0001 3409      00085         retlw 0x09 ; '.'
0002 3463      00086         retlw 0x63 ; 'c'
0003 3461      00087         retlw 0x61 ; 'a'
0004 3473      00088         retlw 0x73 ; 's'
0005 3465      00089         retlw 0x65 ; 'e'
0006 3420      00090         retlw 0x20 ; ' '
0007 3425      00091         retlw 0x25 ; '%'
0008 3469      00092         retlw 0x69 ; 'i'
0009 343A      00093         retlw 0x3a ; ':'
000A 340A      00094         retlw 0x0a ; '.'
000B 3409      00095         retlw 0x09 ; '.'
000C 3409      00096         retlw 0x09 ; '.'
000D 3409      00097         retlw 0x09 ; '.'
000E 344C      00098         retlw 0x4c ; 'L'
000F 3445      00099         retlw 0x45 ; 'E'
0010 3444      00100         retlw 0x44 ; 'D'
0011 3425      00101         retlw 0x25 ; '%'
0012 3469      00102         retlw 0x69 ; 'i'
0013 3420      00103         retlw 0x20 ; ' '
0014 343D      00104         retlw 0x3d ; '='
0015 3420      00105         retlw 0x20 ; ' '
gpasm-0.13.7 beta               bla.asm     11-28-2009  12:19:54         PAGE  3


LOC  OBJECT CODE     LINE SOURCE TEXT
  VALUE
 
0016 3476      00106         retlw 0x76 ; 'v'
0017 3461      00107         retlw 0x61 ; 'a'
0018 346C      00108         retlw 0x6c ; 'l'
0019 3475      00109         retlw 0x75 ; 'u'
001A 3465      00110         retlw 0x65 ; 'e'
001B 343B      00111         retlw 0x3b ; ';'
001C 340A      00112         retlw 0x0a ; '.'
001D 3409      00113         retlw 0x09 ; '.'
001E 3409      00114         retlw 0x09 ; '.'
001F 3409      00115         retlw 0x09 ; '.'
0020 3462      00116         retlw 0x62 ; 'b'
0021 3472      00117         retlw 0x72 ; 'r'
0022 3465      00118         retlw 0x65 ; 'e'
0023 3461      00119         retlw 0x61 ; 'a'
0024 346B      00120         retlw 0x6b ; 'k'
0025 343B      00121         retlw 0x3b ; ';'
0026 340A      00122         retlw 0x0a ; '.'
0027 3400      00123         retlw 0x00 ; '.'
               00124 ;--------------------------------------------------------
               00125 ; overlayable items in internal ram 
               00126 ;--------------------------------------------------------
               00127 ;       udata_ovr
               00128 ;--------------------------------------------------------
               00129 ; reset vector 
               00130 ;--------------------------------------------------------
               00131 STARTUP code
0000 0000      00132         nop
0001 0000      00133         pagesel __sdcc_gsinit_startup
0002 2800      00134         goto    __sdcc_gsinit_startup
               00135 ;--------------------------------------------------------
               00136 ; code
               00137 ;--------------------------------------------------------
               00138 code_bla        code
               00139 ;***
               00140 ;  pBlock Stats: dbName = M
               00141 ;***
               00142 ;entry:  _main  ;Function start
               00143 ; 2 exit points
               00144 ;has an exit
               00145 ;functions called:
               00146 ;   _printf
               00147 ;   _printf
               00148 ;5 compiler assigned registers:
               00149 ;   r0x1000
               00150 ;   r0x1001
               00151 ;   r0x1002
               00152 ;   r0x1003
               00153 ;   r0x1004
               00154 ;; Starting pCode block
               00155 ;; /home/sdcc-builder/build/sdcc-build/orig/sdcc/src/pic/gen.c:2261:resultRemat *{*
               00156 ;; /home/sdcc-builder/build/sdcc-build/orig/sdcc/src/pic/gen.c:2597:genLabel *{*
               00157 ;; ***  genLabel  2600
               00158 ;; /home/sdcc-builder/build/sdcc-build/orig/sdcc/src/pic/gen.c:2261:resultRemat *{*
               00159 ;; /home/sdcc-builder/build/sdcc-build/orig/sdcc/src/pic/gen.c:2283:genFunction *{*
gpasm-0.13.7 beta               bla.asm     11-28-2009  12:19:54         PAGE  4


LOC  OBJECT CODE     LINE SOURCE TEXT
  VALUE
 
               00160 ;; ***  genFunction  2285 curr label offset=0previous max_key=0 
0000 00161 _main   ;Function start
               00162 ; 2 exit points
               00163 ;; /home/sdcc-builder/build/sdcc-build/orig/sdcc/src/pic/gen.c:2261:resultRemat *{*
               00164 ;; /home/sdcc-builder/build/sdcc-build/orig/sdcc/src/pic/gen.c:6332:genAssign *{*
               00165 ;; ***  genAssign  6333
               00166 ;;      721 register type nRegs=2
               00167 ;;      line = 6342 result AOP_REG=r0x1048, size=2, left -=-, size=0, right AOP_LIT=0x00, size=2
               00168 ;; ***  genAssign  6434
               00169 ; >>> /home/sdcc-builder/build/sdcc-build/orig/sdcc/src/pic/gen.c:6443:genAssign
               00170 ;;      1109 rIdx = r0x1048 
               00171         .line   6; "bla.c"      for (i=0; i<23; i++)
0000 0000 0000 00172         BANKSEL r0x1000
0002 0180      00173         CLRF    r0x1000
               00174 ;; ***  genAssign  6434
               00175 ; >>> /home/sdcc-builder/build/sdcc-build/orig/sdcc/src/pic/gen.c:6443:genAssign
               00176 ;;      1109 rIdx = r0x1049 
0003 0180      00177         CLRF    r0x1001
               00178 ;; /home/sdcc-builder/build/sdcc-build/orig/sdcc/src/pic/gen.c:2261:resultRemat *{*
               00179 ;; /home/sdcc-builder/build/sdcc-build/orig/sdcc/src/pic/gen.c:2597:genLabel *{*
               00180 ;; ***  genLabel  2600
               00181 ;; /home/sdcc-builder/build/sdcc-build/orig/sdcc/src/pic/gen.c:2261:resultRemat *{*
               00182 ;; /home/sdcc-builder/build/sdcc-build/orig/sdcc/src/pic/gen.c:3504:ifxForOp *{*
               00183 ;; ***  ifxForOp  3506
               00184 ;; /home/sdcc-builder/build/sdcc-build/orig/sdcc/src/pic/gen.c:3357:genCmpLt *{*
               00185 ;; ***  genCmpLt  3358
               00186 ;;      721 register type nRegs=2
               00187 ;; /home/sdcc-builder/build/sdcc-build/orig/sdcc/src/pic/gen.c:3126:genCmp *{*
               00188 ;signed compare: left < lit(0x17=23), size=2, mask=ffff
               00189 ;; ***  mov2w  1356  offset=1
               00190 ; >>> /home/sdcc-builder/build/sdcc-build/orig/sdcc/src/pic/gen.c:1361:mov2w
               00191 ;;      1109 rIdx = r0x1049 
0004 00192 _00105_DS_
0004 0000 0000 00193         BANKSEL r0x1001
0006 0800      00194         MOVF    r0x1001,W
               00195 ; >>> /home/sdcc-builder/build/sdcc-build/orig/sdcc/src/pic/gen.c:3250:genCmp
0007 3E80      00196         ADDLW   0x80
               00197 ; >>> /home/sdcc-builder/build/sdcc-build/orig/sdcc/src/pic/gen.c:3251:genCmp
0008 3E80      00198         ADDLW   0x80
               00199 ; >>> /home/sdcc-builder/build/sdcc-build/orig/sdcc/src/pic/gen.c:3270:genCmp
0009 1D03      00200         BTFSS   STATUS,2
               00201 ; >>> /home/sdcc-builder/build/sdcc-build/orig/sdcc/src/pic/gen.c:3271:genCmp
               00202 ;; ***  popGetLabel  key=10, label offset 4
000A 2800      00203         GOTO    _00114_DS_
               00204 ; >>> /home/sdcc-builder/build/sdcc-build/orig/sdcc/src/pic/gen.c:3099:pic14_mov2w_regOrLit
000B 3017      00205         MOVLW   0x17
               00206 ; >>> /home/sdcc-builder/build/sdcc-build/orig/sdcc/src/pic/gen.c:3273:genCmp
               00207 ;;      1109 rIdx = r0x1048 
000C 0200      00208         SUBWF   r0x1000,W
               00209 ;; /home/sdcc-builder/build/sdcc-build/orig/sdcc/src/pic/gen.c:3073:genSkipc *{*
               00210 ; >>> /home/sdcc-builder/build/sdcc-build/orig/sdcc/src/pic/gen.c:3078:genSkipc
000D 00211 _00114_DS_
000D 1803      00212         BTFSC   STATUS,0
               00213 ; >>> /home/sdcc-builder/build/sdcc-build/orig/sdcc/src/pic/gen.c:3082:genSkipc
gpasm-0.13.7 beta               bla.asm     11-28-2009  12:19:54         PAGE  5


LOC  OBJECT CODE     LINE SOURCE TEXT
  VALUE
 
               00214 ;; ***  popGetLabel  key=5, label offset 4
000E 2800      00215         GOTO    _00109_DS_
               00216 ;genSkipc:3083: created from rifx:0xbff9ef34
               00217 ;; /home/sdcc-builder/build/sdcc-build/orig/sdcc/src/pic/gen.c:2261:resultRemat *{*
               00218 ;; /home/sdcc-builder/build/sdcc-build/orig/sdcc/src/pic/gen.c:2261:resultRemat *{*
               00219 ;; /home/sdcc-builder/build/sdcc-build/orig/sdcc/src/pic/gen.c:2261:resultRemat *{*
               00220 ;; /home/sdcc-builder/build/sdcc-build/orig/sdcc/src/pic/gen.c:6521:genCast *{*
               00221 ;; ***  genCast  6522
               00222 ;;      641
               00223 ;;      aopForRemat 425
               00224 ;;      446: rname __str_0, val 0, const = 0
               00225 ;;      721 register type nRegs=3
               00226 ;;      858: aopGet AOP_PCODE type PO_IMMEDIATE
               00227 ;;      __str_0
               00228 ;;      line = 6530 result AOP_REG=r0x104A, size=3, left -=-, size=0, right AOP_PCODE=__str_0, size=2
               00229 ;; ***  genCast  6563
               00230 ;; /home/sdcc-builder/build/sdcc-build/orig/sdcc/src/pic/gen.c:1324:mov2w_op *{*
               00231 ; >>> /home/sdcc-builder/build/sdcc-build/orig/sdcc/src/pic/gen.c:1339:mov2w_op
               00232         .line   8; "bla.c"      printf("\t\tcase %i:\n\t\t\tLED%i = value;\n\t\t\tbreak;\n", i, i);
000F 3000      00233         MOVLW   high (__str_0 + 0)
               00234 ; >>> /home/sdcc-builder/build/sdcc-build/orig/sdcc/src/pic/gen.c:1367:movwf
               00235 ;;      1109 rIdx = r0x104B 
               00236 ;;1     MOVWF   r0x1002
               00237 ;; /home/sdcc-builder/build/sdcc-build/orig/sdcc/src/pic/gen.c:1324:mov2w_op *{*
               00238 ; >>> /home/sdcc-builder/build/sdcc-build/orig/sdcc/src/pic/gen.c:1339:mov2w_op
0010 3000      00239         MOVLW   (__str_0 + 0)
               00240 ; >>> /home/sdcc-builder/build/sdcc-build/orig/sdcc/src/pic/gen.c:1367:movwf
               00241 ;;      1109 rIdx = r0x104A 
               00242 ;;1     MOVWF   r0x1003
               00243 ; >>> /home/sdcc-builder/build/sdcc-build/orig/sdcc/src/pic/gen.c:6620:genCast
0011 3080      00244         MOVLW   0x80
               00245 ; >>> /home/sdcc-builder/build/sdcc-build/orig/sdcc/src/pic/gen.c:1367:movwf
               00246 ;;      1109 rIdx = r0x104C 
               00247 ;;1     MOVWF   r0x1004
               00248 ;; /home/sdcc-builder/build/sdcc-build/orig/sdcc/src/pic/gen.c:2261:resultRemat *{*
               00249 ;; /home/sdcc-builder/build/sdcc-build/orig/sdcc/src/pic/gen.c:1885:genIpush *{*
               00250 ;; ***  genIpush  1887 - WARNING no code generated
               00251 ;; /home/sdcc-builder/build/sdcc-build/orig/sdcc/src/pic/gen.c:2261:resultRemat *{*
               00252 ;; /home/sdcc-builder/build/sdcc-build/orig/sdcc/src/pic/gen.c:1885:genIpush *{*
               00253 ;; ***  genIpush  1887 - WARNING no code generated
               00254 ;; /home/sdcc-builder/build/sdcc-build/orig/sdcc/src/pic/gen.c:2261:resultRemat *{*
               00255 ;; /home/sdcc-builder/build/sdcc-build/orig/sdcc/src/pic/gen.c:1885:genIpush *{*
               00256 ;; ***  genIpush  1887 - WARNING no code generated
               00257 ;; /home/sdcc-builder/build/sdcc-build/orig/sdcc/src/pic/gen.c:2261:resultRemat *{*
               00258 ;; /home/sdcc-builder/build/sdcc-build/orig/sdcc/src/pic/gen.c:2030:genCall *{*
               00259 ;; ***  genCall  2032
               00260 ;; /home/sdcc-builder/build/sdcc-build/orig/sdcc/src/pic/gen.c:1765:saveRegisters *{*
               00261 ;; ***  saveRegisters  1767
               00262 ; >>> /home/sdcc-builder/build/sdcc-build/orig/sdcc/src/pic/gen.c:2116:genCall
0012 0000      00263         PAGESEL _printf
               00264 ; >>> /home/sdcc-builder/build/sdcc-build/orig/sdcc/src/pic/gen.c:2118:genCall
0013 2000      00265         CALL    _printf
               00266 ; >>> /home/sdcc-builder/build/sdcc-build/orig/sdcc/src/pic/gen.c:2123:genCall
0014 0000      00267         PAGESEL $
gpasm-0.13.7 beta               bla.asm     11-28-2009  12:19:54         PAGE  6


LOC  OBJECT CODE     LINE SOURCE TEXT
  VALUE
 
               00268 ;; /home/sdcc-builder/build/sdcc-build/orig/sdcc/src/pic/gen.c:1809:unsaveRegisters *{*
               00269 ;; ***  unsaveRegisters  1811
               00270 ;; /home/sdcc-builder/build/sdcc-build/orig/sdcc/src/pic/gen.c:2261:resultRemat *{*
               00271 ;; ***  genPlus  547
               00272 ;; /home/sdcc-builder/build/sdcc-build/orig/sdcc/src/pic/genarith.c:548:genPlus *{*
               00273 ;;      721 register type nRegs=2
               00274 ;;      606
               00275 ;;      line = 554 result AOP_REG=r0x1048, size=2, left AOP_REG=r0x1048, size=2, right AOP_LIT=0x01, size=1
               00276 ;; ***  pic14_getDataSize  1426
               00277 ;; /home/sdcc-builder/build/sdcc-build/orig/sdcc/src/pic/genarith.c:142:genPlusIncr *{*
               00278 ;; ***  genPlusIncr  144
               00279 ;;      result AOP_REG, left AOP_REG, right AOP_LIT
               00280 ;;      genPlusIncr  156
               00281 ; >>> /home/sdcc-builder/build/sdcc-build/orig/sdcc/src/pic/genarith.c:168:genPlusIncr
               00282 ;;      1109 rIdx = r0x1048 
               00283         .line   6; "bla.c"      for (i=0; i<23; i++)
0015 0000 0000 00284         BANKSEL r0x1000
0017 0A80      00285         INCF    r0x1000,F
               00286 ; >>> /home/sdcc-builder/build/sdcc-build/orig/sdcc/src/pic/genarith.c:172:genPlusIncr
0018 1903      00287         BTFSC   STATUS,2
               00288 ; >>> /home/sdcc-builder/build/sdcc-build/orig/sdcc/src/pic/genarith.c:173:genPlusIncr
               00289 ;;      1109 rIdx = r0x1049 
0019 0A80      00290         INCF    r0x1001,F
               00291 ;; /home/sdcc-builder/build/sdcc-build/orig/sdcc/src/pic/gen.c:2261:resultRemat *{*
               00292 ;; /home/sdcc-builder/build/sdcc-build/orig/sdcc/src/pic/gen.c:2614:genGoto *{*
               00293 ; >>> /home/sdcc-builder/build/sdcc-build/orig/sdcc/src/pic/gen.c:2616:genGoto
               00294 ;; ***  popGetLabel  key=1, label offset 4
001A 2800      00295         GOTO    _00105_DS_
               00296 ;; /home/sdcc-builder/build/sdcc-build/orig/sdcc/src/pic/gen.c:2261:resultRemat *{*
               00297 ;; /home/sdcc-builder/build/sdcc-build/orig/sdcc/src/pic/gen.c:2597:genLabel *{*
               00298 ;; ***  genLabel  2600
               00299 ;; /home/sdcc-builder/build/sdcc-build/orig/sdcc/src/pic/gen.c:2261:resultRemat *{*
               00300 ;; /home/sdcc-builder/build/sdcc-build/orig/sdcc/src/pic/gen.c:2435:genEndFunction *{*
               00301 ;; ***  genEndFunction  2437
001B 00302 _00109_DS_
001B 0008      00303         RETURN  
               00304 ; exit point of _main
               00305 
               00306 
               00307 ;       code size estimation:
               00308 ;          20+    5 =    25 instructions (   60 byte)
               00309 
gpasm-0.13.7 beta               bla.asm     11-28-2009  12:19:54         PAGE  7


SYMBOL TABLE
  LABEL                             VALUE 

ACKDT                             00000005
ACKEN                             00000004
ACKSTAT                           00000006
ADCON0                            0000001F
ADCON1                            0000009F
ADCS0                             00000006
ADCS1                             00000007
ADCS2                             00000006
ADDEN                             00000003
ADFM                              00000007
ADIE                              00000006
ADIF                              00000006
ADON                              00000000
ADRESH                            0000001E
ADRESL                            0000009E
BCLIE                             00000003
BCLIF                             00000003
BF                                00000000
BRGH                              00000002
C                                 00000000
C1INV                             00000004
C1OUT                             00000006
C2INV                             00000005
C2OUT                             00000007
CCP1CON                           00000017
CCP1IE                            00000002
CCP1IF                            00000002
CCP1M0                            00000000
CCP1M1                            00000001
CCP1M2                            00000002
CCP1M3                            00000003
CCP1X                             00000005
CCP1Y                             00000004
CCP2CON                           0000001D
CCP2IE                            00000000
CCP2IF                            00000000
CCP2M0                            00000000
CCP2M1                            00000001
CCP2M2                            00000002
CCP2M3                            00000003
CCP2X                             00000005
CCP2Y                             00000004
CCPR1H                            00000016
CCPR1L                            00000015
CCPR2H                            0000001C
CCPR2L                            0000001B
CHS0                              00000003
CHS1                              00000004
CHS2                              00000005
CIS                               00000003
CKE                               00000006
CKP                               00000004
CM0                               00000000
gpasm-0.13.7 beta               bla.asm     11-28-2009  12:19:54         PAGE  8


LOC  OBJECT CODE     LINE SOURCE TEXT
  VALUE
 
CM1                               00000001
CM2                               00000002
CMCON                             0000009C
CMIE                              00000006
CMIF                              00000006
CREN                              00000004
CSRC                              00000007
CVR0                              00000000
CVR1                              00000001
CVR2                              00000002
CVR3                              00000003
CVRCON                            0000009D
CVREN                             00000007
CVROE                             00000006
CVRR                              00000005
D                                 00000005
DATA_ADDRESS                      00000005
DC                                00000001
D_A                               00000005
EEADR                             0000010D
EEADRH                            0000010F
EECON1                            0000018C
EECON2                            0000018D
EEDATA                            0000010C
EEDATH                            0000010E
EEIE                              00000004
EEIF                              00000004
EEPGD                             00000007
F                                 00000001
FERR                              00000002
FSR                               00000004
GCEN                              00000007
GIE                               00000007
GO                                00000002
GO_DONE                           00000002
I2C_DATA                          00000005
I2C_READ                          00000002
I2C_START                         00000003
I2C_STOP                          00000004
IBF                               00000007
IBOV                              00000005
INDF                              00000000
INTCON                            0000000B
INTE                              00000004
INTEDG                            00000006
INTF                              00000001
IRP                               00000007
NOT_A                             00000005
NOT_ADDRESS                       00000005
NOT_BO                            00000000
NOT_BOR                           00000000
NOT_DONE                          00000002
NOT_PD                            00000003
NOT_POR                           00000001
gpasm-0.13.7 beta               bla.asm     11-28-2009  12:19:54         PAGE  9


LOC  OBJECT CODE     LINE SOURCE TEXT
  VALUE
 
NOT_RBPU                          00000007
NOT_RC8                           00000006
NOT_T1SYNC                        00000002
NOT_TO                            00000004
NOT_TX8                           00000006
NOT_W                             00000002
NOT_WRITE                         00000002
OBF                               00000006
OERR                              00000001
OPTION_REG                        00000081
P                                 00000004
PCFG0                             00000000
PCFG1                             00000001
PCFG2                             00000002
PCFG3                             00000003
PCL                               00000002
PCLATH                            0000000A
PCON                              0000008E
PEIE                              00000006
PEN                               00000002
PIE1                              0000008C
PIE2                              0000008D
PIR1                              0000000C
PIR2                              0000000D
PORTA                             00000005
PORTB                             00000006
PORTC                             00000007
PORTD                             00000008
PORTE                             00000009
PR2                               00000092
PS0                               00000000
PS1                               00000001
PS2                               00000002
PSA                               00000003
PSAVE                             00000020
PSPIE                             00000007
PSPIF                             00000007
PSPMODE                           00000004
R                                 00000002
RBIE                              00000003
RBIF                              00000000
RC8_9                             00000006
RC9                               00000006
RCD8                              00000000
RCEN                              00000003
RCIE                              00000005
RCIF                              00000005
RCREG                             0000001A
RCSTA                             00000018
RD                                00000000
READ_WRITE                        00000002
RP0                               00000005
RP1                               00000006
RSEN                              00000001
gpasm-0.13.7 beta               bla.asm     11-28-2009  12:19:54         PAGE 10


LOC  OBJECT CODE     LINE SOURCE TEXT
  VALUE
 
RX9                               00000006
RX9D                              00000000
R_W                               00000002
S                                 00000003
SEN                               00000000
SMP                               00000007
SPBRG                             00000099
SPEN                              00000007
SREN                              00000005
SSAVE                             00000021
SSPADD                            00000093
SSPBUF                            00000013
SSPCON                            00000014
SSPCON2                           00000091
SSPEN                             00000005
SSPIE                             00000003
SSPIF                             00000003
SSPM0                             00000000
SSPM1                             00000001
SSPM2                             00000002
SSPM3                             00000003
SSPOV                             00000006
SSPSTAT                           00000094
STATUS                            00000003
STK00                             0000002F
STK01                             0000002E
STK02                             0000002D
STK03                             0000002C
STK04                             0000002B
STK05                             0000002A
STK06                             00000029
STK07                             00000028
STK08                             00000027
STK09                             00000026
STK10                             00000025
STK11                             00000024
STK12                             00000023
SYNC                              00000004
T0CS                              00000005
T0IE                              00000005
T0IF                              00000002
T0SE                              00000004
T1CKPS0                           00000004
T1CKPS1                           00000005
T1CON                             00000010
T1INSYNC                          00000002
T1OSCEN                           00000003
T1SYNC                            00000002
T2CKPS0                           00000000
T2CKPS1                           00000001
T2CON                             00000012
TMR0                              00000001
TMR0IE                            00000005
TMR0IF                            00000002
gpasm-0.13.7 beta               bla.asm     11-28-2009  12:19:54         PAGE 11


LOC  OBJECT CODE     LINE SOURCE TEXT
  VALUE
 
TMR1CS                            00000001
TMR1H                             0000000F
TMR1IE                            00000000
TMR1IF                            00000000
TMR1L                             0000000E
TMR1ON                            00000000
TMR2                              00000011
TMR2IE                            00000001
TMR2IF                            00000001
TMR2ON                            00000002
TOUTPS0                           00000003
TOUTPS1                           00000004
TOUTPS2                           00000005
TOUTPS3                           00000006
TRISA                             00000085
TRISB                             00000086
TRISC                             00000087
TRISD                             00000088
TRISE                             00000089
TRISE0                            00000000
TRISE1                            00000001
TRISE2                            00000002
TRMT                              00000001
TX8_9                             00000006
TX9                               00000006
TX9D                              00000000
TXD8                              00000000
TXEN                              00000005
TXIE                              00000004
TXIF                              00000004
TXREG                             00000019
TXSTA                             00000098
UA                                00000001
W                                 00000000
WCOL                              00000007
WR                                00000001
WREN                              00000002
WRERR                             00000003
WSAVE                             00000022
Z                                 00000002
_00105_DS_                        00000004
_00109_DS_                        0000001B
_00114_DS_                        0000000D
_BODEN_OFF                        00003FBF
_BODEN_ON                         00003FFF
_CPD_OFF                          00003FFF
_CPD_ON                           00003EFF
_CP_ALL                           00001FFF
_CP_OFF                           00003FFF
_DEBUG_OFF                        00003FFF
_DEBUG_ON                         000037FF
_HS_OSC                           00003FFE
_LP_OSC                           00003FFC
_LVP_OFF                          00003F7F
gpasm-0.13.7 beta               bla.asm     11-28-2009  12:19:54         PAGE 12


LOC  OBJECT CODE     LINE SOURCE TEXT
  VALUE
 
_LVP_ON                           00003FFF
_PWRTE_OFF                        00003FFF
_PWRTE_ON                         00003FF7
_RC_OSC                           00003FFF
_WDT_OFF                          00003FFB
_WDT_ON                           00003FFF
_WRT_1FOURTH                      00003BFF
_WRT_256                          00003DFF
_WRT_HALF                         000039FF
_WRT_OFF                          00003FFF
_XT_OSC                           00003FFD
__16F874A                         00000001
__print_format                    00000000
__sdcc_gsinit_startup             00000000
__str_0                           00000000
_code_bla_000014                  00000014
_getchar                          00000000
_gets                             00000000
_main                             00000000
_printf                           00000000
_printf_small                     00000000
_putchar                          00000000
_puts                             00000000
_sprintf                          00000000
_vprintf                          00000000
_vsprintf                         00000000
r0x1000                           00000000
r0x1001                           00000001


Errors   :       0
Warnings :       0 reported,       0 suppressed
Messages :       0 reported,       0 suppressed

